2023-05-13 00:13:12 [restartedMain] INFO  c.e.spe_mini.SpeMiniApplication - Starting SpeMiniApplication using Java 17.0.6 with PID 63602 (/home/saurabh/Desktop/SPE/SPE_major_backend/spe-major/target/classes started by saurabh in /home/saurabh/Desktop/SPE/SPE_major_backend/spe-major)
2023-05-13 00:13:12 [restartedMain] INFO  c.e.spe_mini.SpeMiniApplication - No active profile set, falling back to 1 default profile: "default"
2023-05-13 00:13:12 [restartedMain] INFO  o.s.b.d.e.DevToolsPropertyDefaultsPostProcessor - Devtools property defaults active! Set 'spring.devtools.add-properties' to 'false' to disable
2023-05-13 00:13:12 [restartedMain] INFO  o.s.b.d.e.DevToolsPropertyDefaultsPostProcessor - For additional web related logging consider setting the 'logging.level.web' property to 'DEBUG'
2023-05-13 00:13:13 [restartedMain] INFO  o.s.d.r.c.RepositoryConfigurationDelegate - Bootstrapping Spring Data JPA repositories in DEFAULT mode.
2023-05-13 00:13:13 [restartedMain] INFO  o.s.d.r.c.RepositoryConfigurationDelegate - Finished Spring Data repository scanning in 44 ms. Found 6 JPA repository interfaces.
2023-05-13 00:13:13 [restartedMain] INFO  o.s.b.w.e.tomcat.TomcatWebServer - Tomcat initialized with port(s): 9080 (http)
2023-05-13 00:13:13 [restartedMain] INFO  o.a.catalina.core.StandardService - Starting service [Tomcat]
2023-05-13 00:13:13 [restartedMain] INFO  o.a.catalina.core.StandardEngine - Starting Servlet engine: [Apache Tomcat/10.1.7]
2023-05-13 00:13:13 [restartedMain] INFO  o.a.c.c.C.[Tomcat].[localhost].[/] - Initializing Spring embedded WebApplicationContext
2023-05-13 00:13:13 [restartedMain] INFO  o.s.b.w.s.c.ServletWebServerApplicationContext - Root WebApplicationContext: initialization completed in 917 ms
2023-05-13 00:13:13 [restartedMain] INFO  o.h.jpa.internal.util.LogHelper - HHH000204: Processing PersistenceUnitInfo [name: default]
2023-05-13 00:13:13 [restartedMain] INFO  org.hibernate.Version - HHH000412: Hibernate ORM core version 6.1.7.Final
2023-05-13 00:13:14 [restartedMain] INFO  com.zaxxer.hikari.HikariDataSource - HikariPool-1 - Starting...
2023-05-13 00:13:14 [restartedMain] INFO  com.zaxxer.hikari.pool.HikariPool - HikariPool-1 - Added connection com.mysql.cj.jdbc.ConnectionImpl@61e94a54
2023-05-13 00:13:14 [restartedMain] INFO  com.zaxxer.hikari.HikariDataSource - HikariPool-1 - Start completed.
2023-05-13 00:13:14 [restartedMain] INFO  SQL dialect - HHH000400: Using dialect: org.hibernate.dialect.MySQLDialect
2023-05-13 00:13:14 [restartedMain] INFO  o.h.e.t.j.p.i.JtaPlatformInitiator - HHH000490: Using JtaPlatform implementation: [org.hibernate.engine.transaction.jta.platform.internal.NoJtaPlatform]
2023-05-13 00:13:14 [restartedMain] INFO  o.s.o.j.LocalContainerEntityManagerFactoryBean - Initialized JPA EntityManagerFactory for persistence unit 'default'
2023-05-13 00:13:15 [restartedMain] WARN  o.s.b.a.o.j.JpaBaseConfiguration$JpaWebConfiguration - spring.jpa.open-in-view is enabled by default. Therefore, database queries may be performed during view rendering. Explicitly configure spring.jpa.open-in-view to disable this warning
2023-05-13 00:13:15 [restartedMain] INFO  o.s.s.web.DefaultSecurityFilterChain - Will secure any request with [org.springframework.security.web.session.DisableEncodeUrlFilter@4bf91432, org.springframework.security.web.context.request.async.WebAsyncManagerIntegrationFilter@5fd91a50, org.springframework.security.web.context.SecurityContextHolderFilter@72f577dc, org.springframework.security.web.header.HeaderWriterFilter@6191c008, org.springframework.web.filter.CorsFilter@3a74090, org.springframework.security.web.authentication.logout.LogoutFilter@5a70a3bc, com.example.spe_mini.Security.filter.JwtAuthFilter@6e032ea3, org.springframework.security.web.savedrequest.RequestCacheAwareFilter@ffe29d7, org.springframework.security.web.servletapi.SecurityContextHolderAwareRequestFilter@1598c3ae, org.springframework.security.web.authentication.AnonymousAuthenticationFilter@4ed8ba94, org.springframework.security.web.session.SessionManagementFilter@7b66a58, org.springframework.security.web.access.ExceptionTranslationFilter@41ca0de9, org.springframework.security.web.access.intercept.AuthorizationFilter@7aadd33e]
2023-05-13 00:13:15 [restartedMain] INFO  o.s.b.d.a.OptionalLiveReloadServer - LiveReload server is running on port 35729
2023-05-13 00:13:15 [restartedMain] INFO  o.s.b.w.e.tomcat.TomcatWebServer - Tomcat started on port(s): 9080 (http) with context path ''
2023-05-13 00:13:15 [restartedMain] INFO  c.e.spe_mini.SpeMiniApplication - Started SpeMiniApplication in 3.277 seconds (process running for 3.809)
2023-05-13 00:13:22 [http-nio-9080-exec-1] INFO  o.a.c.c.C.[Tomcat].[localhost].[/] - Initializing Spring DispatcherServlet 'dispatcherServlet'
2023-05-13 00:13:22 [http-nio-9080-exec-1] INFO  o.s.web.servlet.DispatcherServlet - Initializing Servlet 'dispatcherServlet'
2023-05-13 00:13:22 [http-nio-9080-exec-1] INFO  o.s.web.servlet.DispatcherServlet - Completed initialization in 1 ms
2023-05-13 00:13:22 [http-nio-9080-exec-1] INFO  c.e.s.Controller.EmployeeController - Employee returned with id 2
2023-05-13 00:13:22 [http-nio-9080-exec-2] INFO  c.e.s.Controller.EmployeeController - Employee returned with id 2
2023-05-13 00:15:21 [http-nio-9080-exec-5] INFO  c.e.s.Controller.EmployeeController - Employee returned with id 2
2023-05-13 00:19:02 [http-nio-9080-exec-8] INFO  c.e.s.Controller.EmployeeController - Login successful....
2023-05-13 00:19:03 [http-nio-9080-exec-9] INFO  c.e.s.Controller.EmployeeController - Sent list of all employees 
2023-05-13 00:19:03 [http-nio-9080-exec-10] INFO  c.e.s.Controller.EmployeeController - Sent list of all employees 
2023-05-13 00:19:21 [http-nio-9080-exec-1] INFO  c.e.s.Controller.EmployeeController - Report generated for admin...
2023-05-13 00:20:45 [http-nio-9080-exec-4] INFO  c.e.s.Controller.EmployeeController - Login successful....
2023-05-13 00:20:47 [http-nio-9080-exec-6] INFO  c.e.s.Controller.EmployeeController - Sent list of all employees 
2023-05-13 00:20:47 [http-nio-9080-exec-5] INFO  c.e.s.Controller.EmployeeController - Sent list of all employees 
2023-05-13 00:23:28 [http-nio-9080-exec-10] INFO  c.e.s.Controller.EmployeeController - Report generated for admin...
2023-05-13 00:24:07 [http-nio-9080-exec-9] INFO  c.e.s.Controller.EmployeeController - Login successful....
2023-05-13 00:24:08 [http-nio-9080-exec-1] INFO  c.e.s.Controller.EmployeeController - Employee returned with id 2
2023-05-13 00:24:08 [http-nio-9080-exec-2] INFO  c.e.s.Controller.EmployeeController - Employee returned with id 2
2023-05-13 00:24:30 [http-nio-9080-exec-3] INFO  c.e.s.Controller.EmployeeController - Employee returned with id 2
2023-05-13 00:53:27 [SpringApplicationShutdownHook] INFO  o.s.o.j.LocalContainerEntityManagerFactoryBean - Closing JPA EntityManagerFactory for persistence unit 'default'
2023-05-13 00:53:27 [SpringApplicationShutdownHook] INFO  com.zaxxer.hikari.HikariDataSource - HikariPool-1 - Shutdown initiated...
2023-05-13 00:53:27 [SpringApplicationShutdownHook] INFO  com.zaxxer.hikari.HikariDataSource - HikariPool-1 - Shutdown completed.
